
*** Running vivado
    with args -log S4_Actividad1.vds -m64 -product Vivado -mode batch -messageDb vivado.pb -notrace -source S4_Actividad1.tcl


****** Vivado v2019.2 (64-bit)
  **** SW Build 2708876 on Wed Nov  6 21:40:23 MST 2019
  **** IP Build 2700528 on Thu Nov  7 00:09:20 MST 2019
    ** Copyright 1986-2019 Xilinx, Inc. All Rights Reserved.

source S4_Actividad1.tcl -notrace
Command: synth_design -top S4_Actividad1 -part xc7a100tcsg324-1
Starting synth_design
Attempting to get a license for feature 'Synthesis' and/or device 'xc7a100t'
INFO: [Common 17-349] Got license for feature 'Synthesis' and/or device 'xc7a100t'
INFO: Launching helper process for spawning children vivado processes
INFO: Helper process launched with PID 9768 
WARNING: [Synth 8-976] dis2 has already been declared [C:/Users/Rudolf/Desktop/ELO212/G304-Sesion4/G304-Sesion4/G304-Sesion4.srcs/sources_1/new/S4_Actividad1.sv:35]
WARNING: [Synth 8-2654] second declaration of dis2 ignored [C:/Users/Rudolf/Desktop/ELO212/G304-Sesion4/G304-Sesion4/G304-Sesion4.srcs/sources_1/new/S4_Actividad1.sv:35]
INFO: [Synth 8-994] dis2 is declared here [C:/Users/Rudolf/Desktop/ELO212/G304-Sesion4/G304-Sesion4/G304-Sesion4.srcs/sources_1/new/S4_Actividad1.sv:34]
---------------------------------------------------------------------------------
Starting Synthesize : Time (s): cpu = 00:00:03 ; elapsed = 00:00:04 . Memory (MB): peak = 717.293 ; gain = 242.977
---------------------------------------------------------------------------------
INFO: [Synth 8-6157] synthesizing module 'S4_Actividad1' [C:/Users/Rudolf/Desktop/ELO212/G304-Sesion4/G304-Sesion4/G304-Sesion4.srcs/sources_1/new/S4_Actividad1.sv:23]
INFO: [Synth 8-6157] synthesizing module 'BCD_to_sevenSeg' [C:/Users/Rudolf/Desktop/ELO212/sesion_1/sesion_1/sesion_1.srcs/sources_1/new/BCD_to_sevenSeg.sv:23]
INFO: [Synth 8-226] default block is never used [C:/Users/Rudolf/Desktop/ELO212/sesion_1/sesion_1/sesion_1.srcs/sources_1/new/BCD_to_sevenSeg.sv:28]
INFO: [Synth 8-6155] done synthesizing module 'BCD_to_sevenSeg' (1#1) [C:/Users/Rudolf/Desktop/ELO212/sesion_1/sesion_1/sesion_1.srcs/sources_1/new/BCD_to_sevenSeg.sv:23]
INFO: [Synth 8-6157] synthesizing module 'trans_reloj' [C:/Users/Rudolf/Desktop/ELO212/G304-Sesion4/G304-Sesion4/G304-Sesion4.srcs/sources_1/new/trans_reloj.sv:23]
	Parameter COUNTER_MAX bound to: 312500 - type: integer 
	Parameter DELAY_WIDTH bound to: 19 - type: integer 
INFO: [Synth 8-6155] done synthesizing module 'trans_reloj' (2#1) [C:/Users/Rudolf/Desktop/ELO212/G304-Sesion4/G304-Sesion4/G304-Sesion4.srcs/sources_1/new/trans_reloj.sv:23]
INFO: [Synth 8-6157] synthesizing module 'control_mux' [C:/Users/Rudolf/Desktop/ELO212/G304-Sesion4/G304-Sesion4/G304-Sesion4.srcs/sources_1/new/control_mux.sv:23]
	Parameter N bound to: 4 - type: integer 
INFO: [Synth 8-6155] done synthesizing module 'control_mux' (3#1) [C:/Users/Rudolf/Desktop/ELO212/G304-Sesion4/G304-Sesion4/G304-Sesion4.srcs/sources_1/new/control_mux.sv:23]
INFO: [Synth 8-6157] synthesizing module 'mux' [C:/Users/Rudolf/Desktop/ELO212/G304-Sesion4/G304-Sesion4/G304-Sesion4.srcs/sources_1/new/mux.sv:23]
INFO: [Synth 8-6155] done synthesizing module 'mux' (4#1) [C:/Users/Rudolf/Desktop/ELO212/G304-Sesion4/G304-Sesion4/G304-Sesion4.srcs/sources_1/new/mux.sv:23]
WARNING: [Synth 8-7023] instance 'mux' of module 'mux' has 11 connections declared, but only 9 given [C:/Users/Rudolf/Desktop/ELO212/G304-Sesion4/G304-Sesion4/G304-Sesion4.srcs/sources_1/new/S4_Actividad1.sv:55]
INFO: [Synth 8-6155] done synthesizing module 'S4_Actividad1' (5#1) [C:/Users/Rudolf/Desktop/ELO212/G304-Sesion4/G304-Sesion4/G304-Sesion4.srcs/sources_1/new/S4_Actividad1.sv:23]
---------------------------------------------------------------------------------
Finished Synthesize : Time (s): cpu = 00:00:04 ; elapsed = 00:00:04 . Memory (MB): peak = 763.387 ; gain = 289.070
---------------------------------------------------------------------------------
---------------------------------------------------------------------------------
Finished Constraint Validation : Time (s): cpu = 00:00:04 ; elapsed = 00:00:05 . Memory (MB): peak = 763.387 ; gain = 289.070
---------------------------------------------------------------------------------
---------------------------------------------------------------------------------
Start Loading Part and Timing Information
---------------------------------------------------------------------------------
Loading part: xc7a100tcsg324-1
---------------------------------------------------------------------------------
Finished Loading Part and Timing Information : Time (s): cpu = 00:00:04 ; elapsed = 00:00:05 . Memory (MB): peak = 763.387 ; gain = 289.070
---------------------------------------------------------------------------------
INFO: [Device 21-403] Loading part xc7a100tcsg324-1
---------------------------------------------------------------------------------
Finished RTL Optimization Phase 2 : Time (s): cpu = 00:00:04 ; elapsed = 00:00:05 . Memory (MB): peak = 763.387 ; gain = 289.070
---------------------------------------------------------------------------------

Report RTL Partitions: 
+-+--------------+------------+----------+
| |RTL Partition |Replication |Instances |
+-+--------------+------------+----------+
+-+--------------+------------+----------+
No constraint files found.
---------------------------------------------------------------------------------
Start RTL Component Statistics 
---------------------------------------------------------------------------------
Detailed RTL Component Info : 
+---Adders : 
	   2 Input     19 Bit       Adders := 1     
	   2 Input      3 Bit       Adders := 1     
+---Registers : 
	               19 Bit    Registers := 1     
	                3 Bit    Registers := 1     
	                1 Bit    Registers := 1     
+---Muxes : 
	   2 Input     19 Bit        Muxes := 1     
	   2 Input      8 Bit        Muxes := 1     
	   8 Input      8 Bit        Muxes := 1     
	   2 Input      7 Bit        Muxes := 1     
	   2 Input      1 Bit        Muxes := 1     
---------------------------------------------------------------------------------
Finished RTL Component Statistics 
---------------------------------------------------------------------------------
---------------------------------------------------------------------------------
Start RTL Hierarchical Component Statistics 
---------------------------------------------------------------------------------
Hierarchical RTL Component report 
Module trans_reloj 
Detailed RTL Component Info : 
+---Adders : 
	   2 Input     19 Bit       Adders := 1     
+---Registers : 
	               19 Bit    Registers := 1     
	                1 Bit    Registers := 1     
+---Muxes : 
	   2 Input     19 Bit        Muxes := 1     
Module control_mux 
Detailed RTL Component Info : 
+---Adders : 
	   2 Input      3 Bit       Adders := 1     
+---Registers : 
	                3 Bit    Registers := 1     
+---Muxes : 
	   2 Input      1 Bit        Muxes := 1     
Module mux 
Detailed RTL Component Info : 
+---Muxes : 
	   2 Input      8 Bit        Muxes := 1     
	   8 Input      8 Bit        Muxes := 1     
	   2 Input      7 Bit        Muxes := 1     
---------------------------------------------------------------------------------
Finished RTL Hierarchical Component Statistics
---------------------------------------------------------------------------------
---------------------------------------------------------------------------------
Start Part Resource Summary
---------------------------------------------------------------------------------
Part Resources:
DSPs: 240 (col length:80)
BRAMs: 270 (col length: RAMB18 80 RAMB36 40)
---------------------------------------------------------------------------------
Finished Part Resource Summary
---------------------------------------------------------------------------------
No constraint files found.
---------------------------------------------------------------------------------
Start Cross Boundary and Area Optimization
---------------------------------------------------------------------------------
Warning: Parallel synthesis criteria is not met 
WARNING: [Synth 8-3331] design S4_Actividad1 has unconnected port BCD_in[23]
WARNING: [Synth 8-3331] design S4_Actividad1 has unconnected port BCD_in[22]
WARNING: [Synth 8-3331] design S4_Actividad1 has unconnected port BCD_in[21]
WARNING: [Synth 8-3331] design S4_Actividad1 has unconnected port BCD_in[20]
WARNING: [Synth 8-3331] design S4_Actividad1 has unconnected port BCD_in[11]
WARNING: [Synth 8-3331] design S4_Actividad1 has unconnected port BCD_in[10]
WARNING: [Synth 8-3331] design S4_Actividad1 has unconnected port BCD_in[9]
WARNING: [Synth 8-3331] design S4_Actividad1 has unconnected port BCD_in[8]
---------------------------------------------------------------------------------
Finished Cross Boundary and Area Optimization : Time (s): cpu = 00:00:08 ; elapsed = 00:00:09 . Memory (MB): peak = 952.148 ; gain = 477.832
---------------------------------------------------------------------------------

Report RTL Partitions: 
+-+--------------+------------+----------+
| |RTL Partition |Replication |Instances |
+-+--------------+------------+----------+
+-+--------------+------------+----------+
No constraint files found.
---------------------------------------------------------------------------------
Start Timing Optimization
---------------------------------------------------------------------------------
---------------------------------------------------------------------------------
Finished Timing Optimization : Time (s): cpu = 00:00:08 ; elapsed = 00:00:09 . Memory (MB): peak = 957.930 ; gain = 483.613
---------------------------------------------------------------------------------

Report RTL Partitions: 
+-+--------------+------------+----------+
| |RTL Partition |Replication |Instances |
+-+--------------+------------+----------+
+-+--------------+------------+----------+
---------------------------------------------------------------------------------
Start Technology Mapping
---------------------------------------------------------------------------------
---------------------------------------------------------------------------------
Finished Technology Mapping : Time (s): cpu = 00:00:08 ; elapsed = 00:00:09 . Memory (MB): peak = 957.930 ; gain = 483.613
---------------------------------------------------------------------------------

Report RTL Partitions: 
+-+--------------+------------+----------+
| |RTL Partition |Replication |Instances |
+-+--------------+------------+----------+
+-+--------------+------------+----------+
---------------------------------------------------------------------------------
Start IO Insertion
---------------------------------------------------------------------------------
---------------------------------------------------------------------------------
Start Flattening Before IO Insertion
---------------------------------------------------------------------------------
---------------------------------------------------------------------------------
Finished Flattening Before IO Insertion
---------------------------------------------------------------------------------
---------------------------------------------------------------------------------
Start Final Netlist Cleanup
---------------------------------------------------------------------------------
---------------------------------------------------------------------------------
Finished Final Netlist Cleanup
---------------------------------------------------------------------------------
---------------------------------------------------------------------------------
Finished IO Insertion : Time (s): cpu = 00:00:11 ; elapsed = 00:00:12 . Memory (MB): peak = 957.930 ; gain = 483.613
---------------------------------------------------------------------------------
---------------------------------------------------------------------------------
Start Renaming Generated Instances
---------------------------------------------------------------------------------
---------------------------------------------------------------------------------
Finished Renaming Generated Instances : Time (s): cpu = 00:00:11 ; elapsed = 00:00:12 . Memory (MB): peak = 957.930 ; gain = 483.613
---------------------------------------------------------------------------------

Report RTL Partitions: 
+-+--------------+------------+----------+
| |RTL Partition |Replication |Instances |
+-+--------------+------------+----------+
+-+--------------+------------+----------+

Report Check Netlist: 
+------+------------------+-------+---------+-------+------------------+
|      |Item              |Errors |Warnings |Status |Description       |
+------+------------------+-------+---------+-------+------------------+
|1     |multi_driven_nets |      0|        0|Passed |Multi driven nets |
+------+------------------+-------+---------+-------+------------------+
---------------------------------------------------------------------------------
Start Rebuilding User Hierarchy
---------------------------------------------------------------------------------
---------------------------------------------------------------------------------
Finished Rebuilding User Hierarchy : Time (s): cpu = 00:00:11 ; elapsed = 00:00:12 . Memory (MB): peak = 957.930 ; gain = 483.613
---------------------------------------------------------------------------------
---------------------------------------------------------------------------------
Start Renaming Generated Ports
---------------------------------------------------------------------------------
---------------------------------------------------------------------------------
Finished Renaming Generated Ports : Time (s): cpu = 00:00:11 ; elapsed = 00:00:12 . Memory (MB): peak = 957.930 ; gain = 483.613
---------------------------------------------------------------------------------
---------------------------------------------------------------------------------
Start Handling Custom Attributes
---------------------------------------------------------------------------------
---------------------------------------------------------------------------------
Finished Handling Custom Attributes : Time (s): cpu = 00:00:11 ; elapsed = 00:00:12 . Memory (MB): peak = 957.930 ; gain = 483.613
---------------------------------------------------------------------------------
---------------------------------------------------------------------------------
Start Renaming Generated Nets
---------------------------------------------------------------------------------
---------------------------------------------------------------------------------
Finished Renaming Generated Nets : Time (s): cpu = 00:00:11 ; elapsed = 00:00:12 . Memory (MB): peak = 957.930 ; gain = 483.613
---------------------------------------------------------------------------------
---------------------------------------------------------------------------------
Start Writing Synthesis Report
---------------------------------------------------------------------------------

Report BlackBoxes: 
+-+--------------+----------+
| |BlackBox name |Instances |
+-+--------------+----------+
+-+--------------+----------+

Report Cell Usage: 
+------+-------+------+
|      |Cell   |Count |
+------+-------+------+
|1     |BUFG   |     1|
|2     |CARRY4 |     5|
|3     |LUT1   |     1|
|4     |LUT2   |     1|
|5     |LUT3   |    10|
|6     |LUT4   |    26|
|7     |LUT5   |     7|
|8     |LUT6   |    40|
|9     |FDRE   |    23|
|10    |IBUF   |    26|
|11    |OBUF   |    15|
+------+-------+------+

Report Instance Areas: 
+------+--------------+------------+------+
|      |Instance      |Module      |Cells |
+------+--------------+------------+------+
|1     |top           |            |   155|
|2     |  control_mux |control_mux |    42|
|3     |  reloj       |trans_reloj |    50|
+------+--------------+------------+------+
---------------------------------------------------------------------------------
Finished Writing Synthesis Report : Time (s): cpu = 00:00:11 ; elapsed = 00:00:12 . Memory (MB): peak = 957.930 ; gain = 483.613
---------------------------------------------------------------------------------
Synthesis finished with 0 errors, 0 critical warnings and 11 warnings.
Synthesis Optimization Runtime : Time (s): cpu = 00:00:11 ; elapsed = 00:00:12 . Memory (MB): peak = 957.930 ; gain = 483.613
Synthesis Optimization Complete : Time (s): cpu = 00:00:11 ; elapsed = 00:00:12 . Memory (MB): peak = 957.930 ; gain = 483.613
INFO: [Project 1-571] Translating synthesized netlist
Netlist sorting complete. Time (s): cpu = 00:00:00 ; elapsed = 00:00:00.002 . Memory (MB): peak = 970.063 ; gain = 0.000
INFO: [Netlist 29-17] Analyzing 5 Unisim elements for replacement
INFO: [Netlist 29-28] Unisim Transformation completed in 0 CPU seconds
INFO: [Project 1-570] Preparing netlist for logic optimization
INFO: [Opt 31-138] Pushed 0 inverter(s) to 0 load pin(s).
Netlist sorting complete. Time (s): cpu = 00:00:00 ; elapsed = 00:00:00 . Memory (MB): peak = 1065.059 ; gain = 0.000
INFO: [Project 1-111] Unisim Transformation Summary:
No Unisim elements were transformed.

INFO: [Common 17-83] Releasing license: Synthesis
21 Infos, 11 Warnings, 0 Critical Warnings and 0 Errors encountered.
synth_design completed successfully
synth_design: Time (s): cpu = 00:00:15 ; elapsed = 00:00:17 . Memory (MB): peak = 1065.059 ; gain = 614.586
Netlist sorting complete. Time (s): cpu = 00:00:00 ; elapsed = 00:00:00 . Memory (MB): peak = 1065.059 ; gain = 0.000
WARNING: [Constraints 18-5210] No constraints selected for write.
Resolution: This message can indicate that there are no constraints for the design, or it can indicate that the used_in flags are set such that the constraints are ignored. This later case is used when running synth_design to not write synthesis constraints to the resulting checkpoint. Instead, project constraints are read when the synthesized design is opened.
INFO: [Common 17-1381] The checkpoint 'C:/Users/Rudolf/Desktop/ELO212/G304-Sesion4/G304-Sesion4/G304-Sesion4.runs/synth_1/S4_Actividad1.dcp' has been generated.
INFO: [runtcl-4] Executing : report_utilization -file S4_Actividad1_utilization_synth.rpt -pb S4_Actividad1_utilization_synth.pb
INFO: [Common 17-206] Exiting Vivado at Thu Jun  4 00:26:38 2020...
